<?xml version="1.0" encoding="UTF-8"?>
<!-- Generated by org.testng.reporters.JUnitReportReporter -->
<testsuite hostname="DESKTOP-79K0C9T" failures="0" tests="2" name="testCases.TC001_AccountRegistrationTest" time="41.494" errors="0" timestamp="2025-08-10T16:58:21 IST" skipped="0">
  <testcase classname="testCases.TC001_AccountRegistrationTest" name="verify_account_registration" time="15.839"/>
  <testcase classname="testCases.TC001_AccountRegistrationTest" name="verify_account_registration" time="25.655"/>
</testsuite> <!-- testCases.TC001_AccountRegistrationTest -->
