<?xml version="1.0" encoding="UTF-8"?>
<!-- Generated by org.testng.reporters.JUnitReportReporter -->
<testsuite hostname="DESKTOP-79K0C9T" failures="0" tests="2" name="testCases.TC002_LoginTest" time="23.564" errors="0" timestamp="2025-08-10T16:58:22 IST" skipped="0">
  <testcase classname="testCases.TC002_LoginTest" name="verify_login" time="11.951"/>
  <testcase classname="testCases.TC002_LoginTest" name="verify_login" time="11.613"/>
</testsuite> <!-- testCases.TC002_LoginTest -->
