<?xml version="1.0" encoding="UTF-8"?>
<!-- Generated by org.testng.reporters.JUnitReportReporter -->
<testsuite hostname="DESKTOP-79K0C9T" failures="0" tests="1" name="testCases.TC002_LoginTest" time="4.120" errors="0" timestamp="2025-08-10T21:18:01 IST" skipped="0">
  <testcase classname="testCases.TC002_LoginTest" name="verify_login" time="4.120"/>
</testsuite> <!-- testCases.TC002_LoginTest -->
